<?xml version="1.0" encoding="UTF-8"?>
<!-- Generated by org.testng.reporters.JUnitReportReporter -->
<testsuite skipped="0" hostname="DESKTOP-DAPEO3T" name="com.test.DemoTest" tests="4" failures="0" timestamp="10 Jul 2018 09:21:23 GMT" time="0.046" errors="0">
  <testcase name="sub" time="0.000" classname="com.test.DemoTest"/>
  <testcase name="mul" time="0.005" classname="com.test.DemoTest"/>
  <testcase name="sum" time="0.000" classname="com.test.DemoTest"/>
  <testcase name="div" time="0.041" classname="com.test.DemoTest"/>
</testsuite> <!-- com.test.DemoTest -->
