<?xml version="1.0" encoding="UTF-8"?>
<!-- Generated by org.testng.reporters.JUnitReportReporter -->
<testsuite skipped="0" hostname="DESKTOP-DAPEO3T" name="com.test.DemoTest" tests="4" failures="0" timestamp="07 Jul 2018 04:07:55 GMT" time="0.026" errors="0">
  <testcase name="div" time="0.020" classname="com.test.DemoTest"/>
  <testcase name="mul" time="0.005" classname="com.test.DemoTest"/>
  <testcase name="sub" time="0.000" classname="com.test.DemoTest"/>
  <testcase name="sum" time="0.001" classname="com.test.DemoTest"/>
</testsuite> <!-- com.test.DemoTest -->
