<?xml version="1.0" encoding="UTF-8"?>
<!-- Generated by org.testng.reporters.JUnitReportReporter -->
<testsuite skipped="0" hostname="DESKTOP-DAPEO3T" name="com.test.DemoTest2" tests="4" failures="0" timestamp="10 Jul 2018 09:21:23 GMT" time="0.020" errors="0">
  <testcase name="div" time="0.005" classname="com.test.DemoTest2"/>
  <testcase name="sub" time="0.005" classname="com.test.DemoTest2"/>
  <testcase name="sum" time="0.005" classname="com.test.DemoTest2"/>
  <testcase name="mul" time="0.005" classname="com.test.DemoTest2"/>
</testsuite> <!-- com.test.DemoTest2 -->
