<?xml version="1.0" encoding="UTF-8"?>
<!-- Generated by org.testng.reporters.JUnitReportReporter -->
<testsuite skipped="0" hostname="DESKTOP-DAPEO3T" name="com.test.DemoTest2" tests="4" failures="0" timestamp="12 Jul 2018 05:58:13 GMT" time="0.019" errors="0">
  <testcase name="sum" time="0.006" classname="com.test.DemoTest2"/>
  <testcase name="sub" time="0.007" classname="com.test.DemoTest2"/>
  <testcase name="mul" time="0.003" classname="com.test.DemoTest2"/>
  <testcase name="div" time="0.003" classname="com.test.DemoTest2"/>
</testsuite> <!-- com.test.DemoTest2 -->
