<?xml version="1.0" encoding="UTF-8"?>
<!-- Generated by org.testng.reporters.JUnitReportReporter -->
<testsuite skipped="0" hostname="DESKTOP-DAPEO3T" name="com.test.DemoTest" tests="4" failures="0" timestamp="09 Jul 2018 13:11:06 GMT" time="0.015" errors="0">
  <testcase name="div" time="0.015" classname="com.test.DemoTest"/>
  <testcase name="sub" time="0.000" classname="com.test.DemoTest"/>
  <testcase name="mul" time="0.000" classname="com.test.DemoTest"/>
  <testcase name="sum" time="0.000" classname="com.test.DemoTest"/>
</testsuite> <!-- com.test.DemoTest -->
