<?xml version="1.0" encoding="UTF-8"?>
<!-- Generated by org.testng.reporters.JUnitReportReporter -->
<testsuite skipped="0" hostname="DESKTOP-DAPEO3T" name="com.test.DemoTest1" tests="4" failures="0" timestamp="06 Jul 2018 06:10:18 GMT" time="0.000" errors="0">
  <testcase name="div" time="0.000" classname="com.test.DemoTest1"/>
  <testcase name="mul" time="0.000" classname="com.test.DemoTest1"/>
  <testcase name="sum" time="0.000" classname="com.test.DemoTest1"/>
  <testcase name="sub" time="0.000" classname="com.test.DemoTest1"/>
</testsuite> <!-- com.test.DemoTest1 -->
